[debug] [2026-02-17T13:19:12.650Z] ----------------------------------------------------------------------
[debug] [2026-02-17T13:19:12.653Z] Command:       C:\Program Files\nodejs\node.exe C:\Users\waris\AppData\Local\npm-cache\_npx\7750544ccf494d8b\node_modules\firebase-tools\lib\bin\firebase.js deploy --only hosting
[debug] [2026-02-17T13:19:12.653Z] CLI Version:   15.6.0
[debug] [2026-02-17T13:19:12.653Z] Platform:      win32
[debug] [2026-02-17T13:19:12.653Z] Node Version:  v24.13.0
[debug] [2026-02-17T13:19:12.653Z] Time:          Tue Feb 17 2026 20:19:12 GMT+0700 (Indochina Time)
[debug] [2026-02-17T13:19:12.653Z] ----------------------------------------------------------------------
[debug] 
[debug] [2026-02-17T13:19:14.541Z] > command requires scopes: ["email","openid","https://www.googleapis.com/auth/cloudplatformprojects.readonly","https://www.googleapis.com/auth/firebase","https://www.googleapis.com/auth/cloud-platform"]
[debug] [2026-02-17T13:19:14.541Z] > authorizing via signed-in user (warisxmail@gmail.com)
[debug] [2026-02-17T13:19:14.541Z] [iam] checking project prep-hub-fc0da for permissions ["firebase.projects.get","firebasehosting.sites.update"]
[debug] [2026-02-17T13:19:14.542Z] Checked if tokens are valid: true, expires at: 1771336926130
[debug] [2026-02-17T13:19:14.542Z] Checked if tokens are valid: true, expires at: 1771336926130
[debug] [2026-02-17T13:19:14.543Z] >>> [apiv2][query] POST https://cloudresourcemanager.googleapis.com/v1/projects/prep-hub-fc0da:testIamPermissions [none]
[debug] [2026-02-17T13:19:14.543Z] >>> [apiv2][(partial)header] POST https://cloudresourcemanager.googleapis.com/v1/projects/prep-hub-fc0da:testIamPermissions  x-goog-user-project=prep-hub-fc0da
[debug] [2026-02-17T13:19:14.543Z] >>> [apiv2][body] POST https://cloudresourcemanager.googleapis.com/v1/projects/prep-hub-fc0da:testIamPermissions {"permissions":["firebase.projects.get","firebasehosting.sites.update"]}
[debug] [2026-02-17T13:19:15.789Z] <<< [apiv2][status] POST https://cloudresourcemanager.googleapis.com/v1/projects/prep-hub-fc0da:testIamPermissions 200
[debug] [2026-02-17T13:19:15.789Z] <<< [apiv2][body] POST https://cloudresourcemanager.googleapis.com/v1/projects/prep-hub-fc0da:testIamPermissions {"permissions":["firebase.projects.get","firebasehosting.sites.update"]}
[debug] [2026-02-17T13:19:15.789Z] Checked if tokens are valid: true, expires at: 1771336926130
[debug] [2026-02-17T13:19:15.789Z] Checked if tokens are valid: true, expires at: 1771336926130
[debug] [2026-02-17T13:19:15.790Z] >>> [apiv2][query] GET https://firebase.googleapis.com/v1beta1/projects/prep-hub-fc0da [none]
[debug] [2026-02-17T13:19:16.486Z] <<< [apiv2][status] GET https://firebase.googleapis.com/v1beta1/projects/prep-hub-fc0da 200
[debug] [2026-02-17T13:19:16.486Z] <<< [apiv2][body] GET https://firebase.googleapis.com/v1beta1/projects/prep-hub-fc0da {"projectId":"prep-hub-fc0da","projectNumber":"536476368506","displayName":"prep-hub","name":"projects/prep-hub-fc0da","resources":{"hostingSite":"prep-hub-fc0da"},"state":"ACTIVE","etag":"1_308bdb0d-46c6-4f27-9241-c5d11ca96cf7"}
[info] 
[info] === Deploying to 'prep-hub-fc0da'...
[info] 
[info] i  deploying hosting 
[debug] [2026-02-17T13:19:16.492Z] Checked if tokens are valid: true, expires at: 1771336926130
[debug] [2026-02-17T13:19:16.492Z] Checked if tokens are valid: true, expires at: 1771336926130
[debug] [2026-02-17T13:19:16.492Z] >>> [apiv2][query] POST https://firebasehosting.googleapis.com/v1beta1/projects/-/sites/prep-hub-fc0da/versions [none]
[debug] [2026-02-17T13:19:16.492Z] >>> [apiv2][body] POST https://firebasehosting.googleapis.com/v1beta1/projects/-/sites/prep-hub-fc0da/versions {"status":"CREATED","labels":{"deployment-tool":"cli-firebase"}}
